<?xml version="1.0" encoding="UTF-8"?>
<testng-results ignored="0" total="2" passed="2" failed="0" skipped="0">
  <reporter-output>
  </reporter-output>
  <suite started-at="2022-02-03T19:32:07 IST" name="Suite" finished-at="2022-02-03T19:32:14 IST" duration-ms="6646">
    <groups>
    </groups>
    <test started-at="2022-02-03T19:32:07 IST" name="Test" finished-at="2022-02-03T19:32:14 IST" duration-ms="6646">
      <class name="Pages.Login_Page">
        <test-method is-config="true" signature="LaunchBrowser()[pri:0, instance:Pages.Login_Page@1139b2f3]" started-at="2022-02-03T19:31:57 IST" name="LaunchBrowser" finished-at="2022-02-03T19:32:07 IST" duration-ms="10474" status="PASS">
          <reporter-output>
          </reporter-output>
        </test-method> <!-- LaunchBrowser -->
        <test-method signature="forgetpass()[pri:0, instance:Pages.Login_Page@1139b2f3]" started-at="2022-02-03T19:32:08 IST" name="forgetpass" finished-at="2022-02-03T19:32:09 IST" duration-ms="1231" status="PASS">
          <reporter-output>
          </reporter-output>
        </test-method> <!-- forgetpass -->
        <test-method signature="Login()[pri:0, instance:Pages.Login_Page@1139b2f3]" started-at="2022-02-03T19:32:09 IST" name="Login" finished-at="2022-02-03T19:32:14 IST" duration-ms="5156" status="PASS">
          <reporter-output>
          </reporter-output>
        </test-method> <!-- Login -->
        <test-method is-config="true" signature="Close_Browser()[pri:0, instance:Pages.Login_Page@1139b2f3]" started-at="2022-02-03T19:32:14 IST" name="Close_Browser" finished-at="2022-02-03T19:32:15 IST" duration-ms="207" status="PASS">
          <reporter-output>
          </reporter-output>
        </test-method> <!-- Close_Browser -->
      </class> <!-- Pages.Login_Page -->
    </test> <!-- Test -->
  </suite> <!-- Suite -->
</testng-results>
